[Wed Oct 28 16:54:12 MDT 2020] - INFO passoff.ServerTest: 	Setting up Register Valid New User Test...
[Wed Oct 28 16:54:12 MDT 2020] - INFO client.Proxy: 	Clear called
[Wed Oct 28 16:54:12 MDT 2020] - INFO client.Client: 	Post without Request Body called
[Wed Oct 28 16:54:12 MDT 2020] - INFO client.Client: 	Attempting to open connection to server
[Wed Oct 28 16:54:12 MDT 2020] - INFO client.Client: 	Connection opened to server
[Wed Oct 28 16:54:12 MDT 2020] - INFO client.Client: 	Setting passoffrequest method to POST
[Wed Oct 28 16:54:12 MDT 2020] - INFO client.Client: 	Request method set to POST
[Wed Oct 28 16:54:12 MDT 2020] - INFO client.Client: 	Setting Do Output to true
[Wed Oct 28 16:54:12 MDT 2020] - INFO client.Client: 	Do Output set to true
[Wed Oct 28 16:54:12 MDT 2020] - INFO client.Client: 	Connecting to server
[Wed Oct 28 16:54:12 MDT 2020] - INFO client.Client: 	Connected to server
[Wed Oct 28 16:54:12 MDT 2020] - INFO client.Client: 	Getting response code from server
[Wed Oct 28 16:54:13 MDT 2020] - INFO client.Client: 	Response code 200 returned
[Wed Oct 28 16:54:13 MDT 2020] - INFO client.Client: 	Getting input stream from server
[Wed Oct 28 16:54:13 MDT 2020] - INFO client.Client: 	Reading input stream into a string
[Wed Oct 28 16:54:13 MDT 2020] - INFO passoff.ServerTest: 	Running Register Valid New User Test...
[Wed Oct 28 16:54:13 MDT 2020] - INFO client.Proxy: 	Register called
[Wed Oct 28 16:54:13 MDT 2020] - INFO client.Client: 	Post with Request Body called
[Wed Oct 28 16:54:13 MDT 2020] - INFO client.Client: 	Attempting to open connection to server
[Wed Oct 28 16:54:13 MDT 2020] - INFO client.Client: 	Connection opened to server
[Wed Oct 28 16:54:13 MDT 2020] - INFO client.Client: 	Setting passoffrequest method to POST
[Wed Oct 28 16:54:13 MDT 2020] - INFO client.Client: 	Request method set to POST
[Wed Oct 28 16:54:13 MDT 2020] - INFO client.Client: 	Setting Do Output to true
[Wed Oct 28 16:54:13 MDT 2020] - INFO client.Client: 	Do Output set to true
[Wed Oct 28 16:54:13 MDT 2020] - INFO client.Client: 	Connecting to server
[Wed Oct 28 16:54:13 MDT 2020] - INFO client.Client: 	Connected to server
[Wed Oct 28 16:54:13 MDT 2020] - INFO client.Client: 	Opening output stream to server
[Wed Oct 28 16:54:13 MDT 2020] - INFO client.Client: 	Writing passoffrequest to server output stream
[Wed Oct 28 16:54:13 MDT 2020] - INFO client.Client: 	Request written to server output stream
[Wed Oct 28 16:54:13 MDT 2020] - INFO client.Client: 	Closing output stream to server
[Wed Oct 28 16:54:13 MDT 2020] - INFO client.Client: 	Output stream to server closed
[Wed Oct 28 16:54:13 MDT 2020] - INFO client.Client: 	Getting response code from server
[Wed Oct 28 16:54:13 MDT 2020] - INFO client.Client: 	Response code 400 returned
[Wed Oct 28 16:54:13 MDT 2020] - INFO client.Client: 	Getting input stream from server
[Wed Oct 28 16:54:13 MDT 2020] - INFO client.Client: 	Reading input stream into a string
